<?xml version="1.0" encoding="UTF-8"?>
<!-- Generated by org.testng.reporters.JUnitReportReporter -->
<testsuite hostname="DESKTOP-7FN93ST" failures="0" tests="3" name="project4.TestCase1" time="12.252" errors="0" timestamp="2023-10-24T13:06:47 EET" skipped="0">
  <testcase classname="project4.TestCase1" name="LoginWithPerformanceUser" time="4.997"/>
  <system-out/>
  <testcase classname="project4.TestCase1" name="LoginWithStandardUser" time="3.608"/>
  <system-out/>
  <testcase classname="project4.TestCase1" name="LoginWithProblemUser" time="3.647"/>
  <system-out/>
</testsuite> <!-- project4.TestCase1 -->
